<?xml version="1.0" encoding="UTF-8"?>
<testng-results skipped="0" failed="0" total="3" passed="3">
  <reporter-output>
    <line>
      <![CDATA[********For Company<'International Business Machines Corp.  '> - StockCode<'NYSE:IBM'>, Current Price <'147.97'> is 15.18% lower than the 52 week high<'174.44'> and 26.58% higher than the 52 week low<'116.90'>.]]>
    </line>
    <line>
      <![CDATA[********Company< Name: 'International Business Machines Corp.  ', StockCode: 'NYSE:IBM', EPS: '13.28'> having higher EPS than Company< Name: 'Motorola Solutions Inc  ', StockCode: 'NYSE:MSI', EPS: '2.98'>]]>
    </line>
    <line>
      <![CDATA[********For Company<'International Business Machines Corp.  '> - StockCode<'NYSE:IBM'>, Current Price <'147.97'> is 15.18% lower than the 52 week high<'174.44'> and 26.58% higher than the 52 week low<'116.90'>.]]>
    </line>
    <line>
      <![CDATA[********Company< Name: 'International Business Machines Corp.  ', StockCode: 'NYSE:IBM', EPS: '13.28'> having higher EPS than Company< Name: 'Motorola Solutions Inc  ', StockCode: 'NYSE:MSI', EPS: '2.98'>]]>
    </line>
    <line>
      <![CDATA[********For Company<'International Business Machines Corp.  '> - StockCode<'NYSE:IBM'>, Current Price <'147.97'> is 15.18% lower than the 52 week high<'174.44'> and 26.58% higher than the 52 week low<'116.90'>.]]>
    </line>
    <line>
      <![CDATA[********Company< Name: 'International Business Machines Corp.  ', StockCode: 'NYSE:IBM', EPS: '13.28'> having higher EPS than Company< Name: 'Motorola Solutions Inc  ', StockCode: 'NYSE:MSI', EPS: '2.98'>]]>
    </line>
  </reporter-output>
  <suite name="Suite" duration-ms="284761" started-at="2016-05-18T07:55:26Z" finished-at="2016-05-18T08:00:10Z">
    <groups>
    </groups>
    <test name="NYSE stock comparison" duration-ms="284761" started-at="2016-05-18T07:55:26Z" finished-at="2016-05-18T08:00:10Z">
      <class name="test.NYSETest">
        <test-method status="PASS" signature="beforeClass(java.lang.String, java.lang.String, java.lang.String, java.lang.String, java.lang.String, java.lang.String, java.lang.String, java.lang.String)[pri:0, instance:test.NYSETest@5e025e70]" name="beforeClass" is-config="true" duration-ms="20734" started-at="2016-05-18T13:25:28Z" finished-at="2016-05-18T13:25:48Z">
          <params>
            <param index="0">
              <value>
                <![CDATA[partners.perfectomobile.com]]>
              </value>
            </param>
            <param index="1">
              <value>
                <![CDATA[demo@newtglobal.com]]>
              </value>
            </param>
            <param index="2">
              <value>
                <![CDATA[DEMO123]]>
              </value>
            </param>
            <param index="3">
              <value>
                <![CDATA[Sara]]>
              </value>
            </param>
            <param index="4">
              <value>
                <![CDATA[iOS]]>
              </value>
            </param>
            <param index="5">
              <value>
                <![CDATA[Apple]]>
              </value>
            </param>
            <param index="6">
              <value>
                <![CDATA[iPhone-6S]]>
              </value>
            </param>
            <param index="7">
              <value>
                <![CDATA[http://google.com/finance]]>
              </value>
            </param>
          </params>
          <reporter-output>
          </reporter-output>
        </test-method> <!-- beforeClass -->
        <test-method status="PASS" signature="compareNYSEStocks(java.lang.String, java.lang.String)[pri:0, instance:test.NYSETest@5e025e70]" name="compareNYSEStocks" duration-ms="29062" started-at="2016-05-18T13:25:48Z" data-provider="nyseInput" finished-at="2016-05-18T13:26:18Z">
          <params>
            <param index="0">
              <value>
                <![CDATA[NYSE:IBM]]>
              </value>
            </param>
            <param index="1">
              <value>
                <![CDATA[NYSE:MSI]]>
              </value>
            </param>
          </params>
          <reporter-output>
            <line>
              <![CDATA[********For Company<'International Business Machines Corp.  '> - StockCode<'NYSE:IBM'>, Current Price <'147.97'> is 15.18% lower than the 52 week high<'174.44'> and 26.58% higher than the 52 week low<'116.90'>.]]>
            </line>
            <line>
              <![CDATA[********Company< Name: 'International Business Machines Corp.  ', StockCode: 'NYSE:IBM', EPS: '13.28'> having higher EPS than Company< Name: 'Motorola Solutions Inc  ', StockCode: 'NYSE:MSI', EPS: '2.98'>]]>
            </line>
          </reporter-output>
        </test-method> <!-- compareNYSEStocks -->
        <test-method status="PASS" signature="afterClass()[pri:0, instance:test.NYSETest@5e025e70]" name="afterClass" is-config="true" duration-ms="51755" started-at="2016-05-18T13:26:18Z" finished-at="2016-05-18T13:27:09Z">
          <reporter-output>
          </reporter-output>
        </test-method> <!-- afterClass -->
        <test-method status="PASS" signature="beforeClass(java.lang.String, java.lang.String, java.lang.String, java.lang.String, java.lang.String, java.lang.String, java.lang.String, java.lang.String)[pri:0, instance:test.NYSETest@5e025e70]" name="beforeClass" is-config="true" duration-ms="13281" started-at="2016-05-18T13:27:09Z" finished-at="2016-05-18T13:27:23Z">
          <params>
            <param index="0">
              <value>
                <![CDATA[partners.perfectomobile.com]]>
              </value>
            </param>
            <param index="1">
              <value>
                <![CDATA[demo@newtglobal.com]]>
              </value>
            </param>
            <param index="2">
              <value>
                <![CDATA[DEMO123]]>
              </value>
            </param>
            <param index="3">
              <value>
                <![CDATA[Sara]]>
              </value>
            </param>
            <param index="4">
              <value>
                <![CDATA[iOS]]>
              </value>
            </param>
            <param index="5">
              <value>
                <![CDATA[Apple]]>
              </value>
            </param>
            <param index="6">
              <value>
                <![CDATA[iPhone-6S]]>
              </value>
            </param>
            <param index="7">
              <value>
                <![CDATA[http://google.com/finance]]>
              </value>
            </param>
          </params>
          <reporter-output>
          </reporter-output>
        </test-method> <!-- beforeClass -->
        <test-method status="PASS" signature="compareNYSEStocks(java.lang.String, java.lang.String)[pri:0, instance:test.NYSETest@5e025e70]" name="compareNYSEStocks" duration-ms="29601" started-at="2016-05-18T13:27:23Z" data-provider="nyseInput" finished-at="2016-05-18T13:27:52Z">
          <params>
            <param index="0">
              <value>
                <![CDATA[NYSE:YUME]]>
              </value>
            </param>
            <param index="1">
              <value>
                <![CDATA[NYSE:TRMR]]>
              </value>
            </param>
          </params>
          <reporter-output>
            <line>
              <![CDATA[********For Company<'International Business Machines Corp.  '> - StockCode<'NYSE:IBM'>, Current Price <'147.97'> is 15.18% lower than the 52 week high<'174.44'> and 26.58% higher than the 52 week low<'116.90'>.]]>
            </line>
            <line>
              <![CDATA[********Company< Name: 'International Business Machines Corp.  ', StockCode: 'NYSE:IBM', EPS: '13.28'> having higher EPS than Company< Name: 'Motorola Solutions Inc  ', StockCode: 'NYSE:MSI', EPS: '2.98'>]]>
            </line>
          </reporter-output>
        </test-method> <!-- compareNYSEStocks -->
        <test-method status="PASS" signature="afterClass()[pri:0, instance:test.NYSETest@5e025e70]" name="afterClass" is-config="true" duration-ms="47823" started-at="2016-05-18T13:27:52Z" finished-at="2016-05-18T13:28:40Z">
          <reporter-output>
          </reporter-output>
        </test-method> <!-- afterClass -->
        <test-method status="PASS" signature="beforeClass(java.lang.String, java.lang.String, java.lang.String, java.lang.String, java.lang.String, java.lang.String, java.lang.String, java.lang.String)[pri:0, instance:test.NYSETest@5e025e70]" name="beforeClass" is-config="true" duration-ms="12841" started-at="2016-05-18T13:28:40Z" finished-at="2016-05-18T13:28:53Z">
          <params>
            <param index="0">
              <value>
                <![CDATA[partners.perfectomobile.com]]>
              </value>
            </param>
            <param index="1">
              <value>
                <![CDATA[demo@newtglobal.com]]>
              </value>
            </param>
            <param index="2">
              <value>
                <![CDATA[DEMO123]]>
              </value>
            </param>
            <param index="3">
              <value>
                <![CDATA[Sara]]>
              </value>
            </param>
            <param index="4">
              <value>
                <![CDATA[iOS]]>
              </value>
            </param>
            <param index="5">
              <value>
                <![CDATA[Apple]]>
              </value>
            </param>
            <param index="6">
              <value>
                <![CDATA[iPhone-6S]]>
              </value>
            </param>
            <param index="7">
              <value>
                <![CDATA[http://google.com/finance]]>
              </value>
            </param>
          </params>
          <reporter-output>
          </reporter-output>
        </test-method> <!-- beforeClass -->
        <test-method status="PASS" signature="compareNYSEStocks(java.lang.String, java.lang.String)[pri:0, instance:test.NYSETest@5e025e70]" name="compareNYSEStocks" duration-ms="36298" started-at="2016-05-18T13:28:53Z" data-provider="nyseInput" finished-at="2016-05-18T13:29:29Z">
          <params>
            <param index="0">
              <value>
                <![CDATA[NYSE:MCD]]>
              </value>
            </param>
            <param index="1">
              <value>
                <![CDATA[NYSE:YUM]]>
              </value>
            </param>
          </params>
          <reporter-output>
            <line>
              <![CDATA[********For Company<'International Business Machines Corp.  '> - StockCode<'NYSE:IBM'>, Current Price <'147.97'> is 15.18% lower than the 52 week high<'174.44'> and 26.58% higher than the 52 week low<'116.90'>.]]>
            </line>
            <line>
              <![CDATA[********Company< Name: 'International Business Machines Corp.  ', StockCode: 'NYSE:IBM', EPS: '13.28'> having higher EPS than Company< Name: 'Motorola Solutions Inc  ', StockCode: 'NYSE:MSI', EPS: '2.98'>]]>
            </line>
          </reporter-output>
        </test-method> <!-- compareNYSEStocks -->
        <test-method status="PASS" signature="afterClass()[pri:0, instance:test.NYSETest@5e025e70]" name="afterClass" is-config="true" duration-ms="41318" started-at="2016-05-18T13:29:29Z" finished-at="2016-05-18T13:30:10Z">
          <reporter-output>
          </reporter-output>
        </test-method> <!-- afterClass -->
      </class> <!-- test.NYSETest -->
    </test> <!-- NYSE stock comparison -->
  </suite> <!-- Suite -->
</testng-results>
