<?xml version="1.0" encoding="UTF-8"?>
<!-- Generated by org.testng.reporters.JUnitXMLReporter -->
<testsuite hostname="Newt-Pk024" name="Find Time To Reach Near By Restaurant" tests="3" failures="0" timestamp="5 May 2016 10:14:38 GMT" time="157.218" errors="0">
  <testcase name="findTimeToNearByRestaurant" time="40.337" classname="test.GoogleMapsTest"/>
  <testcase name="findTimeToNearByRestaurant" time="37.48" classname="test.GoogleMapsTest"/>
  <testcase name="findTimeToNearByRestaurant" time="38.176" classname="test.GoogleMapsTest"/>
</testsuite> <!-- Find Time To Reach Near By Restaurant -->
