<?xml version="1.0" encoding="UTF-8"?>
<!-- Generated by org.testng.reporters.JUnitXMLReporter -->
<testsuite hostname="Newt-Pk024" name="Find Time To Reach Specific Place" tests="3" failures="0" timestamp="5 May 2016 10:17:03 GMT" time="144.994" errors="0">
  <testcase name="findTimeToReachSpecificPlace" time="35.978" classname="test.GoogleMapsTest"/>
  <testcase name="findTimeToReachSpecificPlace" time="35.726" classname="test.GoogleMapsTest"/>
  <testcase name="findTimeToReachSpecificPlace" time="34.297" classname="test.GoogleMapsTest"/>
</testsuite> <!-- Find Time To Reach Specific Place -->
