<?xml version="1.0" encoding="UTF-8"?>
<!-- Generated by org.testng.reporters.JUnitXMLReporter -->
<testsuite hostname="Newt-1607-11" name="NYSE stock comparison" tests="3" failures="0" timestamp="18 May 2016 08:00:11 GMT" time="284.761" errors="0">
  <testcase name="compareNYSEStocks" time="29.062" classname="test.NYSETest"/>
  <testcase name="compareNYSEStocks" time="29.601" classname="test.NYSETest"/>
  <testcase name="compareNYSEStocks" time="36.298" classname="test.NYSETest"/>
</testsuite> <!-- NYSE stock comparison -->
